<?xml version="1.0" encoding="UTF-8" ?>
<testsuite failures="1" time="0.373" errors="0" skipped="0" tests="4" name="org.openhealthtools.mdht.uml.cda.operations.ActOperationsTest">
  <properties>
[...]
</properties>
  <testcase time="0.341" classname="org.openhealthtools.mdht.uml.cda.operations.ActOperationsTest" name="org.openhealthtools.mdht.uml.cda.operations.ActOperationsTest.testConstructor"/>
  <testcase time="0" classname="org.openhealthtools.mdht.uml.cda.operations.ActOperationsTest" name="org.openhealthtools.mdht.uml.cda.operations.ActOperationsTest.testGetEntryRelationshipTargetsClinicalStatementX_ActRelationshipEntryRelationshipObject"/>
  <testcase time="0" classname="org.openhealthtools.mdht.uml.cda.operations.ActOperationsTest" name="org.openhealthtools.mdht.uml.cda.operations.ActOperationsTest.testGetEntryRelationshipTargetsClinicalStatementObject"/>
  <testcase time="0.032" classname="org.openhealthtools.mdht.uml.cda.operations.ActOperationsTest" name="org.openhealthtools.mdht.uml.cda.operations.ActOperationsTest.testGetEntryRelationshipTargetsClinicalStatementIllegalArgumentException">
    <failure message="targetClass must be an EClass" type="java.lang.IllegalArgumentException">java.lang.IllegalArgumentException: targetClass must be an EClass
	at org.openhealthtools.mdht.uml.cda.operations.ClinicalStatementOperations.getEntryRelationshipTargets(ClinicalStatementOperations.java:273)
	at org.openhealthtools.mdht.uml.cda.operations.ClinicalStatementOperationsTest.testGetEntryRelationshipTargetsClinicalStatementIllegalArgumentException(ClinicalStatementOperationsTest.java:91)
	at sun.reflect.NativeMethodAccessorImpl.invoke0(Native Method)
	at sun.reflect.NativeMethodAccessorImpl.invoke(NativeMethodAccessorImpl.java:57)
	at sun.reflect.DelegatingMethodAccessorImpl.invoke(DelegatingMethodAccessorImpl.java:43)
	at java.lang.reflect.Method.invoke(Method.java:606)
	at org.apache.maven.surefire.junit.PojoTestSet.executeTestMethod(PojoTestSet.java:151)
	at org.apache.maven.surefire.junit.PojoTestSet.executeTestMethods(PojoTestSet.java:102)
	at org.apache.maven.surefire.junit.PojoTestSet.execute(PojoTestSet.java:83)
	at org.apache.maven.surefire.junit.JUnit3Provider.executeTestSet(JUnit3Provider.java:121)
	at org.apache.maven.surefire.junit.JUnit3Provider.invoke(JUnit3Provider.java:98)
	at sun.reflect.NativeMethodAccessorImpl.invoke0(Native Method)
	at sun.reflect.NativeMethodAccessorImpl.invoke(NativeMethodAccessorImpl.java:57)
	at sun.reflect.DelegatingMethodAccessorImpl.invoke(DelegatingMethodAccessorImpl.java:43)
	at java.lang.reflect.Method.invoke(Method.java:606)
	at org.apache.maven.surefire.util.ReflectionUtils.invokeMethodWithArray(ReflectionUtils.java:189)
	at org.apache.maven.surefire.booter.ProviderFactory$ProviderProxy.invoke(ProviderFactory.java:165)
	at org.apache.maven.surefire.booter.ProviderFactory.invokeProvider(ProviderFactory.java:85)
	at org.apache.maven.surefire.booter.ForkedBooter.runSuitesInProcess(ForkedBooter.java:115)
	at org.apache.maven.surefire.booter.ForkedBooter.main(ForkedBooter.java:75)
</failure>
  </testcase>
</testsuite>