<?xml version="1.0" encoding="UTF-8" ?>
<testsuites>
  <testsuite errors="0" failures="1" name="ActOperationsTest" package="org.openhealthtools.mdht.uml.cda.operations" skipped="0" tests="4" time="0.373">
      <properties>
[...]
</properties>

      <testcase classname="org.openhealthtools.mdht.uml.cda.operations.ActOperationsTest" name="org.openhealthtools.mdht.uml.cda.operations.ActOperationsTest.testConstructor" time="0.341" />

      <testcase classname="org.openhealthtools.mdht.uml.cda.operations.ActOperationsTest" name="org.openhealthtools.mdht.uml.cda.operations.ActOperationsTest.testGetEntryRelationshipTargetsClinicalStatementX_ActRelationshipEntryRelationshipObject" time="0" />

      <testcase classname="org.openhealthtools.mdht.uml.cda.operations.ActOperationsTest" name="org.openhealthtools.mdht.uml.cda.operations.ActOperationsTest.testGetEntryRelationshipTargetsClinicalStatementObject" time="0" />

      <testcase classname="org.openhealthtools.mdht.uml.cda.operations.ActOperationsTest" name="org.openhealthtools.mdht.uml.cda.operations.ActOperationsTest.testGetEntryRelationshipTargetsClinicalStatementIllegalArgumentException" time="0.032">
          <failure message="targetClass must be an EClass" type="java.lang.IllegalArgumentException">java.lang.IllegalArgumentException: targetClass must be an EClass
	at org.openhealthtools.mdht.uml.cda.operations.ClinicalStatementOperations.getEntryRelationshipTargets(ClinicalStatementOperations.java:273)
	at org.openhealthtools.mdht.uml.cda.operations.ClinicalStatementOperationsTest.testGetEntryRelationshipTargetsClinicalStatementIllegalArgumentException(ClinicalStatementOperationsTest.java:91)
	at sun.reflect.NativeMethodAccessorImpl.invoke0(Native Method)
	at sun.reflect.NativeMethodAccessorImpl.invoke(NativeMethodAccessorImpl.java:57)
	at sun.reflect.DelegatingMethodAccessorImpl.invoke(DelegatingMethodAccessorImpl.java:43)
	at java.lang.reflect.Method.invoke(Method.java:606)
	at org.apache.maven.surefire.junit.PojoTestSet.executeTestMethod(PojoTestSet.java:151)
	at org.apache.maven.surefire.junit.PojoTestSet.executeTestMethods(PojoTestSet.java:102)
	at org.apache.maven.surefire.junit.PojoTestSet.execute(PojoTestSet.java:83)
	at org.apache.maven.surefire.junit.JUnit3Provider.executeTestSet(JUnit3Provider.java:121)
	at org.apache.maven.surefire.junit.JUnit3Provider.invoke(JUnit3Provider.java:98)
	at sun.reflect.NativeMethodAccessorImpl.invoke0(Native Method)
	at sun.reflect.NativeMethodAccessorImpl.invoke(NativeMethodAccessorImpl.java:57)
	at sun.reflect.DelegatingMethodAccessorImpl.invoke(DelegatingMethodAccessorImpl.java:43)
	at java.lang.reflect.Method.invoke(Method.java:606)
	at org.apache.maven.surefire.util.ReflectionUtils.invokeMethodWithArray(ReflectionUtils.java:189)
	at org.apache.maven.surefire.booter.ProviderFactory$ProviderProxy.invoke(ProviderFactory.java:165)
	at org.apache.maven.surefire.booter.ProviderFactory.invokeProvider(ProviderFactory.java:85)
	at org.apache.maven.surefire.booter.ForkedBooter.runSuitesInProcess(ForkedBooter.java:115)
	at org.apache.maven.surefire.booter.ForkedBooter.main(ForkedBooter.java:75)
</failure>

      </testcase>

  </testsuite>
  <testsuite errors="0" failures="0" name="AssignedAuthorOperationsTest" package="org.openhealthtools.mdht.uml.cda.operations" skipped="0" tests="1" time="0">
      <properties>
[...]
</properties>

      <testcase classname="org.openhealthtools.mdht.uml.cda.operations.AssignedAuthorOperationsTest" name="org.openhealthtools.mdht.uml.cda.operations.AssignedAuthorOperationsTest.testConstructor" time="0" />

  </testsuite>
  <testsuite errors="0" failures="0" name="ClinicalDocumentOperationsTest" package="org.openhealthtools.mdht.uml.cda.operations" skipped="0" tests="1" time="0">
      <properties>
[...]
</properties>

      <testcase classname="org.openhealthtools.mdht.uml.cda.operations.ClinicalDocumentOperationsTest" name="org.openhealthtools.mdht.uml.cda.operations.ClinicalDocumentOperationsTest.testConstructor" time="0" />

  </testsuite>
  <testsuite errors="0" failures="0" name="Component2OperationsTest" package="org.openhealthtools.mdht.uml.cda.operations" skipped="0" tests="1" time="0">
      <properties>
[...]
</properties>

      <testcase classname="org.openhealthtools.mdht.uml.cda.operations.Component2OperationsTest" name="org.openhealthtools.mdht.uml.cda.operations.Component2OperationsTest.testConstructor" time="0" />

  </testsuite>
  <testsuite errors="0" failures="0" name="Component4OperationsTest" package="org.openhealthtools.mdht.uml.cda.operations" skipped="0" tests="1" time="0">
      <properties>
[...]
</properties>

      <testcase classname="org.openhealthtools.mdht.uml.cda.operations.Component4OperationsTest" name="org.openhealthtools.mdht.uml.cda.operations.Component4OperationsTest.testConstructor" time="0" />

  </testsuite>
  <testsuite errors="0" failures="1" name="EncounterOperationsTest" package="org.openhealthtools.mdht.uml.cda.operations" skipped="0" tests="4" time="0.003">
      <properties>
[...]
</properties>

      <testcase classname="org.openhealthtools.mdht.uml.cda.operations.EncounterOperationsTest" name="org.openhealthtools.mdht.uml.cda.operations.EncounterOperationsTest.testConstructor" time="0" />

      <testcase classname="org.openhealthtools.mdht.uml.cda.operations.EncounterOperationsTest" name="org.openhealthtools.mdht.uml.cda.operations.EncounterOperationsTest.testGetEntryRelationshipTargetsClinicalStatementX_ActRelationshipEntryRelationshipObject" time="0" />

      <testcase classname="org.openhealthtools.mdht.uml.cda.operations.EncounterOperationsTest" name="org.openhealthtools.mdht.uml.cda.operations.EncounterOperationsTest.testGetEntryRelationshipTargetsClinicalStatementObject" time="0" />

      <testcase classname="org.openhealthtools.mdht.uml.cda.operations.EncounterOperationsTest" name="org.openhealthtools.mdht.uml.cda.operations.EncounterOperationsTest.testGetEntryRelationshipTargetsClinicalStatementIllegalArgumentException" time="0.003">
          <failure message="targetClass must be an EClass" type="java.lang.IllegalArgumentException">java.lang.IllegalArgumentException: targetClass must be an EClass
	at org.openhealthtools.mdht.uml.cda.operations.ClinicalStatementOperations.getEntryRelationshipTargets(ClinicalStatementOperations.java:273)
	at org.openhealthtools.mdht.uml.cda.operations.ClinicalStatementOperationsTest.testGetEntryRelationshipTargetsClinicalStatementIllegalArgumentException(ClinicalStatementOperationsTest.java:91)
	at sun.reflect.NativeMethodAccessorImpl.invoke0(Native Method)
	at sun.reflect.NativeMethodAccessorImpl.invoke(NativeMethodAccessorImpl.java:57)
	at sun.reflect.DelegatingMethodAccessorImpl.invoke(DelegatingMethodAccessorImpl.java:43)
	at java.lang.reflect.Method.invoke(Method.java:606)
	at org.apache.maven.surefire.junit.PojoTestSet.executeTestMethod(PojoTestSet.java:151)
	at org.apache.maven.surefire.junit.PojoTestSet.executeTestMethods(PojoTestSet.java:102)
	at org.apache.maven.surefire.junit.PojoTestSet.execute(PojoTestSet.java:83)
	at org.apache.maven.surefire.junit.JUnit3Provider.executeTestSet(JUnit3Provider.java:121)
	at org.apache.maven.surefire.junit.JUnit3Provider.invoke(JUnit3Provider.java:98)
	at sun.reflect.NativeMethodAccessorImpl.invoke0(Native Method)
	at sun.reflect.NativeMethodAccessorImpl.invoke(NativeMethodAccessorImpl.java:57)
	at sun.reflect.DelegatingMethodAccessorImpl.invoke(DelegatingMethodAccessorImpl.java:43)
	at java.lang.reflect.Method.invoke(Method.java:606)
	at org.apache.maven.surefire.util.ReflectionUtils.invokeMethodWithArray(ReflectionUtils.java:189)
	at org.apache.maven.surefire.booter.ProviderFactory$ProviderProxy.invoke(ProviderFactory.java:165)
	at org.apache.maven.surefire.booter.ProviderFactory.invokeProvider(ProviderFactory.java:85)
	at org.apache.maven.surefire.booter.ForkedBooter.runSuitesInProcess(ForkedBooter.java:115)
	at org.apache.maven.surefire.booter.ForkedBooter.main(ForkedBooter.java:75)
</failure>

      </testcase>

  </testsuite>
  <testsuite errors="0" failures="0" name="EntryOperationsTest" package="org.openhealthtools.mdht.uml.cda.operations" skipped="0" tests="1" time="0">
      <properties>
[...]
</properties>

      <testcase classname="org.openhealthtools.mdht.uml.cda.operations.EntryOperationsTest" name="org.openhealthtools.mdht.uml.cda.operations.EntryOperationsTest.testConstructor" time="0" />

  </testsuite>
  <testsuite errors="0" failures="0" name="EntryRelationshipOperationsTest" package="org.openhealthtools.mdht.uml.cda.operations" skipped="0" tests="1" time="0">
      <properties>
[...]
</properties>

      <testcase classname="org.openhealthtools.mdht.uml.cda.operations.EntryRelationshipOperationsTest" name="org.openhealthtools.mdht.uml.cda.operations.EntryRelationshipOperationsTest.testConstructor" time="0" />

  </testsuite>
  <testsuite errors="0" failures="0" name="GuardianOperationsTest" package="org.openhealthtools.mdht.uml.cda.operations" skipped="0" tests="1" time="0">
      <properties>
[...]
</properties>

      <testcase classname="org.openhealthtools.mdht.uml.cda.operations.GuardianOperationsTest" name="org.openhealthtools.mdht.uml.cda.operations.GuardianOperationsTest.testConstructor" time="0" />

  </testsuite>
  <testsuite errors="0" failures="0" name="Informant12OperationsTest" package="org.openhealthtools.mdht.uml.cda.operations" skipped="0" tests="1" time="0">
      <properties>
[...]
</properties>

      <testcase classname="org.openhealthtools.mdht.uml.cda.operations.Informant12OperationsTest" name="org.openhealthtools.mdht.uml.cda.operations.Informant12OperationsTest.testConstructor" time="0" />

  </testsuite>
  <testsuite errors="0" failures="0" name="ManufacturedProductOperationsTest" package="org.openhealthtools.mdht.uml.cda.operations" skipped="0" tests="1" time="0">
      <properties>
[...]
</properties>

      <testcase classname="org.openhealthtools.mdht.uml.cda.operations.ManufacturedProductOperationsTest" name="org.openhealthtools.mdht.uml.cda.operations.ManufacturedProductOperationsTest.testConstructor" time="0" />

  </testsuite>
  <testsuite errors="0" failures="1" name="ObservationMediaOperationsTest" package="org.openhealthtools.mdht.uml.cda.operations" skipped="0" tests="4" time="0.003">
      <properties>
[...]
</properties>

      <testcase classname="org.openhealthtools.mdht.uml.cda.operations.ObservationMediaOperationsTest" name="org.openhealthtools.mdht.uml.cda.operations.ObservationMediaOperationsTest.testConstructor" time="0" />

      <testcase classname="org.openhealthtools.mdht.uml.cda.operations.ObservationMediaOperationsTest" name="org.openhealthtools.mdht.uml.cda.operations.ObservationMediaOperationsTest.testGetEntryRelationshipTargetsClinicalStatementX_ActRelationshipEntryRelationshipObject" time="0" />

      <testcase classname="org.openhealthtools.mdht.uml.cda.operations.ObservationMediaOperationsTest" name="org.openhealthtools.mdht.uml.cda.operations.ObservationMediaOperationsTest.testGetEntryRelationshipTargetsClinicalStatementObject" time="0" />

      <testcase classname="org.openhealthtools.mdht.uml.cda.operations.ObservationMediaOperationsTest" name="org.openhealthtools.mdht.uml.cda.operations.ObservationMediaOperationsTest.testGetEntryRelationshipTargetsClinicalStatementIllegalArgumentException" time="0.003">
          <failure message="targetClass must be an EClass" type="java.lang.IllegalArgumentException">java.lang.IllegalArgumentException: targetClass must be an EClass
	at org.openhealthtools.mdht.uml.cda.operations.ClinicalStatementOperations.getEntryRelationshipTargets(ClinicalStatementOperations.java:273)
	at org.openhealthtools.mdht.uml.cda.operations.ClinicalStatementOperationsTest.testGetEntryRelationshipTargetsClinicalStatementIllegalArgumentException(ClinicalStatementOperationsTest.java:91)
	at sun.reflect.NativeMethodAccessorImpl.invoke0(Native Method)
	at sun.reflect.NativeMethodAccessorImpl.invoke(NativeMethodAccessorImpl.java:57)
	at sun.reflect.DelegatingMethodAccessorImpl.invoke(DelegatingMethodAccessorImpl.java:43)
	at java.lang.reflect.Method.invoke(Method.java:606)
	at org.apache.maven.surefire.junit.PojoTestSet.executeTestMethod(PojoTestSet.java:151)
	at org.apache.maven.surefire.junit.PojoTestSet.executeTestMethods(PojoTestSet.java:102)
	at org.apache.maven.surefire.junit.PojoTestSet.execute(PojoTestSet.java:83)
	at org.apache.maven.surefire.junit.JUnit3Provider.executeTestSet(JUnit3Provider.java:121)
	at org.apache.maven.surefire.junit.JUnit3Provider.invoke(JUnit3Provider.java:98)
	at sun.reflect.NativeMethodAccessorImpl.invoke0(Native Method)
	at sun.reflect.NativeMethodAccessorImpl.invoke(NativeMethodAccessorImpl.java:57)
	at sun.reflect.DelegatingMethodAccessorImpl.invoke(DelegatingMethodAccessorImpl.java:43)
	at java.lang.reflect.Method.invoke(Method.java:606)
	at org.apache.maven.surefire.util.ReflectionUtils.invokeMethodWithArray(ReflectionUtils.java:189)
	at org.apache.maven.surefire.booter.ProviderFactory$ProviderProxy.invoke(ProviderFactory.java:165)
	at org.apache.maven.surefire.booter.ProviderFactory.invokeProvider(ProviderFactory.java:85)
	at org.apache.maven.surefire.booter.ForkedBooter.runSuitesInProcess(ForkedBooter.java:115)
	at org.apache.maven.surefire.booter.ForkedBooter.main(ForkedBooter.java:75)
</failure>

      </testcase>

  </testsuite>
  <testsuite errors="0" failures="1" name="ObservationOperationsTest" package="org.openhealthtools.mdht.uml.cda.operations" skipped="0" tests="4" time="0.002">
      <properties>
[...]
</properties>

      <testcase classname="org.openhealthtools.mdht.uml.cda.operations.ObservationOperationsTest" name="org.openhealthtools.mdht.uml.cda.operations.ObservationOperationsTest.testConstructor" time="0" />

      <testcase classname="org.openhealthtools.mdht.uml.cda.operations.ObservationOperationsTest" name="org.openhealthtools.mdht.uml.cda.operations.ObservationOperationsTest.testGetEntryRelationshipTargetsClinicalStatementX_ActRelationshipEntryRelationshipObject" time="0" />

      <testcase classname="org.openhealthtools.mdht.uml.cda.operations.ObservationOperationsTest" name="org.openhealthtools.mdht.uml.cda.operations.ObservationOperationsTest.testGetEntryRelationshipTargetsClinicalStatementObject" time="0" />

      <testcase classname="org.openhealthtools.mdht.uml.cda.operations.ObservationOperationsTest" name="org.openhealthtools.mdht.uml.cda.operations.ObservationOperationsTest.testGetEntryRelationshipTargetsClinicalStatementIllegalArgumentException" time="0.002">
          <failure message="targetClass must be an EClass" type="java.lang.IllegalArgumentException">java.lang.IllegalArgumentException: targetClass must be an EClass
	at org.openhealthtools.mdht.uml.cda.operations.ClinicalStatementOperations.getEntryRelationshipTargets(ClinicalStatementOperations.java:273)
	at org.openhealthtools.mdht.uml.cda.operations.ClinicalStatementOperationsTest.testGetEntryRelationshipTargetsClinicalStatementIllegalArgumentException(ClinicalStatementOperationsTest.java:91)
	at sun.reflect.NativeMethodAccessorImpl.invoke0(Native Method)
	at sun.reflect.NativeMethodAccessorImpl.invoke(NativeMethodAccessorImpl.java:57)
	at sun.reflect.DelegatingMethodAccessorImpl.invoke(DelegatingMethodAccessorImpl.java:43)
	at java.lang.reflect.Method.invoke(Method.java:606)
	at org.apache.maven.surefire.junit.PojoTestSet.executeTestMethod(PojoTestSet.java:151)
	at org.apache.maven.surefire.junit.PojoTestSet.executeTestMethods(PojoTestSet.java:102)
	at org.apache.maven.surefire.junit.PojoTestSet.execute(PojoTestSet.java:83)
	at org.apache.maven.surefire.junit.JUnit3Provider.executeTestSet(JUnit3Provider.java:121)
	at org.apache.maven.surefire.junit.JUnit3Provider.invoke(JUnit3Provider.java:98)
	at sun.reflect.NativeMethodAccessorImpl.invoke0(Native Method)
	at sun.reflect.NativeMethodAccessorImpl.invoke(NativeMethodAccessorImpl.java:57)
	at sun.reflect.DelegatingMethodAccessorImpl.invoke(DelegatingMethodAccessorImpl.java:43)
	at java.lang.reflect.Method.invoke(Method.java:606)
	at org.apache.maven.surefire.util.ReflectionUtils.invokeMethodWithArray(ReflectionUtils.java:189)
	at org.apache.maven.surefire.booter.ProviderFactory$ProviderProxy.invoke(ProviderFactory.java:165)
	at org.apache.maven.surefire.booter.ProviderFactory.invokeProvider(ProviderFactory.java:85)
	at org.apache.maven.surefire.booter.ForkedBooter.runSuitesInProcess(ForkedBooter.java:115)
	at org.apache.maven.surefire.booter.ForkedBooter.main(ForkedBooter.java:75)
</failure>

      </testcase>

  </testsuite>
  <testsuite errors="0" failures="1" name="OrganizerOperationsTest" package="org.openhealthtools.mdht.uml.cda.operations" skipped="0" tests="4" time="0.003">
      <properties>
[...]
</properties>

      <testcase classname="org.openhealthtools.mdht.uml.cda.operations.OrganizerOperationsTest" name="org.openhealthtools.mdht.uml.cda.operations.OrganizerOperationsTest.testConstructor" time="0.001" />

      <testcase classname="org.openhealthtools.mdht.uml.cda.operations.OrganizerOperationsTest" name="org.openhealthtools.mdht.uml.cda.operations.OrganizerOperationsTest.testGetEntryRelationshipTargetsClinicalStatementX_ActRelationshipEntryRelationshipObject" time="0" />

      <testcase classname="org.openhealthtools.mdht.uml.cda.operations.OrganizerOperationsTest" name="org.openhealthtools.mdht.uml.cda.operations.OrganizerOperationsTest.testGetEntryRelationshipTargetsClinicalStatementObject" time="0" />

      <testcase classname="org.openhealthtools.mdht.uml.cda.operations.OrganizerOperationsTest" name="org.openhealthtools.mdht.uml.cda.operations.OrganizerOperationsTest.testGetEntryRelationshipTargetsClinicalStatementIllegalArgumentException" time="0.002">
          <failure message="targetClass must be an EClass" type="java.lang.IllegalArgumentException">java.lang.IllegalArgumentException: targetClass must be an EClass
	at org.openhealthtools.mdht.uml.cda.operations.ClinicalStatementOperations.getEntryRelationshipTargets(ClinicalStatementOperations.java:273)
	at org.openhealthtools.mdht.uml.cda.operations.ClinicalStatementOperationsTest.testGetEntryRelationshipTargetsClinicalStatementIllegalArgumentException(ClinicalStatementOperationsTest.java:91)
	at sun.reflect.NativeMethodAccessorImpl.invoke0(Native Method)
	at sun.reflect.NativeMethodAccessorImpl.invoke(NativeMethodAccessorImpl.java:57)
	at sun.reflect.DelegatingMethodAccessorImpl.invoke(DelegatingMethodAccessorImpl.java:43)
	at java.lang.reflect.Method.invoke(Method.java:606)
	at org.apache.maven.surefire.junit.PojoTestSet.executeTestMethod(PojoTestSet.java:151)
	at org.apache.maven.surefire.junit.PojoTestSet.executeTestMethods(PojoTestSet.java:102)
	at org.apache.maven.surefire.junit.PojoTestSet.execute(PojoTestSet.java:83)
	at org.apache.maven.surefire.junit.JUnit3Provider.executeTestSet(JUnit3Provider.java:121)
	at org.apache.maven.surefire.junit.JUnit3Provider.invoke(JUnit3Provider.java:98)
	at sun.reflect.NativeMethodAccessorImpl.invoke0(Native Method)
	at sun.reflect.NativeMethodAccessorImpl.invoke(NativeMethodAccessorImpl.java:57)
	at sun.reflect.DelegatingMethodAccessorImpl.invoke(DelegatingMethodAccessorImpl.java:43)
	at java.lang.reflect.Method.invoke(Method.java:606)
	at org.apache.maven.surefire.util.ReflectionUtils.invokeMethodWithArray(ReflectionUtils.java:189)
	at org.apache.maven.surefire.booter.ProviderFactory$ProviderProxy.invoke(ProviderFactory.java:165)
	at org.apache.maven.surefire.booter.ProviderFactory.invokeProvider(ProviderFactory.java:85)
	at org.apache.maven.surefire.booter.ForkedBooter.runSuitesInProcess(ForkedBooter.java:115)
	at org.apache.maven.surefire.booter.ForkedBooter.main(ForkedBooter.java:75)
</failure>

      </testcase>

  </testsuite>
  <testsuite errors="0" failures="0" name="ParticipantRoleOperationsTest" package="org.openhealthtools.mdht.uml.cda.operations" skipped="0" tests="1" time="0">
      <properties>
[...]
</properties>

      <testcase classname="org.openhealthtools.mdht.uml.cda.operations.ParticipantRoleOperationsTest" name="org.openhealthtools.mdht.uml.cda.operations.ParticipantRoleOperationsTest.testConstructor" time="0" />

  </testsuite>
  <testsuite errors="0" failures="1" name="ProcedureOperationsTest" package="org.openhealthtools.mdht.uml.cda.operations" skipped="0" tests="4" time="0.002">
      <properties>
[...]
</properties>

      <testcase classname="org.openhealthtools.mdht.uml.cda.operations.ProcedureOperationsTest" name="org.openhealthtools.mdht.uml.cda.operations.ProcedureOperationsTest.testConstructor" time="0" />

      <testcase classname="org.openhealthtools.mdht.uml.cda.operations.ProcedureOperationsTest" name="org.openhealthtools.mdht.uml.cda.operations.ProcedureOperationsTest.testGetEntryRelationshipTargetsClinicalStatementX_ActRelationshipEntryRelationshipObject" time="0" />

      <testcase classname="org.openhealthtools.mdht.uml.cda.operations.ProcedureOperationsTest" name="org.openhealthtools.mdht.uml.cda.operations.ProcedureOperationsTest.testGetEntryRelationshipTargetsClinicalStatementObject" time="0" />

      <testcase classname="org.openhealthtools.mdht.uml.cda.operations.ProcedureOperationsTest" name="org.openhealthtools.mdht.uml.cda.operations.ProcedureOperationsTest.testGetEntryRelationshipTargetsClinicalStatementIllegalArgumentException" time="0.002">
          <failure message="targetClass must be an EClass" type="java.lang.IllegalArgumentException">java.lang.IllegalArgumentException: targetClass must be an EClass
	at org.openhealthtools.mdht.uml.cda.operations.ClinicalStatementOperations.getEntryRelationshipTargets(ClinicalStatementOperations.java:273)
	at org.openhealthtools.mdht.uml.cda.operations.ClinicalStatementOperationsTest.testGetEntryRelationshipTargetsClinicalStatementIllegalArgumentException(ClinicalStatementOperationsTest.java:91)
	at sun.reflect.NativeMethodAccessorImpl.invoke0(Native Method)
	at sun.reflect.NativeMethodAccessorImpl.invoke(NativeMethodAccessorImpl.java:57)
	at sun.reflect.DelegatingMethodAccessorImpl.invoke(DelegatingMethodAccessorImpl.java:43)
	at java.lang.reflect.Method.invoke(Method.java:606)
	at org.apache.maven.surefire.junit.PojoTestSet.executeTestMethod(PojoTestSet.java:151)
	at org.apache.maven.surefire.junit.PojoTestSet.executeTestMethods(PojoTestSet.java:102)
	at org.apache.maven.surefire.junit.PojoTestSet.execute(PojoTestSet.java:83)
	at org.apache.maven.surefire.junit.JUnit3Provider.executeTestSet(JUnit3Provider.java:121)
	at org.apache.maven.surefire.junit.JUnit3Provider.invoke(JUnit3Provider.java:98)
	at sun.reflect.NativeMethodAccessorImpl.invoke0(Native Method)
	at sun.reflect.NativeMethodAccessorImpl.invoke(NativeMethodAccessorImpl.java:57)
	at sun.reflect.DelegatingMethodAccessorImpl.invoke(DelegatingMethodAccessorImpl.java:43)
	at java.lang.reflect.Method.invoke(Method.java:606)
	at org.apache.maven.surefire.util.ReflectionUtils.invokeMethodWithArray(ReflectionUtils.java:189)
	at org.apache.maven.surefire.booter.ProviderFactory$ProviderProxy.invoke(ProviderFactory.java:165)
	at org.apache.maven.surefire.booter.ProviderFactory.invokeProvider(ProviderFactory.java:85)
	at org.apache.maven.surefire.booter.ForkedBooter.runSuitesInProcess(ForkedBooter.java:115)
	at org.apache.maven.surefire.booter.ForkedBooter.main(ForkedBooter.java:75)
</failure>

      </testcase>

  </testsuite>
  <testsuite errors="0" failures="0" name="ReferenceOperationsTest" package="org.openhealthtools.mdht.uml.cda.operations" skipped="0" tests="1" time="0">
      <properties>
[...]
</properties>

      <testcase classname="org.openhealthtools.mdht.uml.cda.operations.ReferenceOperationsTest" name="org.openhealthtools.mdht.uml.cda.operations.ReferenceOperationsTest.testConstructor" time="0" />

  </testsuite>
  <testsuite errors="0" failures="1" name="RegionOfInterestOperationsTest" package="org.openhealthtools.mdht.uml.cda.operations" skipped="0" tests="4" time="0.002">
      <properties>
[...]
</properties>

      <testcase classname="org.openhealthtools.mdht.uml.cda.operations.RegionOfInterestOperationsTest" name="org.openhealthtools.mdht.uml.cda.operations.RegionOfInterestOperationsTest.testConstructor" time="0" />

      <testcase classname="org.openhealthtools.mdht.uml.cda.operations.RegionOfInterestOperationsTest" name="org.openhealthtools.mdht.uml.cda.operations.RegionOfInterestOperationsTest.testGetEntryRelationshipTargetsClinicalStatementX_ActRelationshipEntryRelationshipObject" time="0" />

      <testcase classname="org.openhealthtools.mdht.uml.cda.operations.RegionOfInterestOperationsTest" name="org.openhealthtools.mdht.uml.cda.operations.RegionOfInterestOperationsTest.testGetEntryRelationshipTargetsClinicalStatementObject" time="0" />

      <testcase classname="org.openhealthtools.mdht.uml.cda.operations.RegionOfInterestOperationsTest" name="org.openhealthtools.mdht.uml.cda.operations.RegionOfInterestOperationsTest.testGetEntryRelationshipTargetsClinicalStatementIllegalArgumentException" time="0.002">
          <failure message="targetClass must be an EClass" type="java.lang.IllegalArgumentException">java.lang.IllegalArgumentException: targetClass must be an EClass
	at org.openhealthtools.mdht.uml.cda.operations.ClinicalStatementOperations.getEntryRelationshipTargets(ClinicalStatementOperations.java:273)
	at org.openhealthtools.mdht.uml.cda.operations.ClinicalStatementOperationsTest.testGetEntryRelationshipTargetsClinicalStatementIllegalArgumentException(ClinicalStatementOperationsTest.java:91)
	at sun.reflect.NativeMethodAccessorImpl.invoke0(Native Method)
	at sun.reflect.NativeMethodAccessorImpl.invoke(NativeMethodAccessorImpl.java:57)
	at sun.reflect.DelegatingMethodAccessorImpl.invoke(DelegatingMethodAccessorImpl.java:43)
	at java.lang.reflect.Method.invoke(Method.java:606)
	at org.apache.maven.surefire.junit.PojoTestSet.executeTestMethod(PojoTestSet.java:151)
	at org.apache.maven.surefire.junit.PojoTestSet.executeTestMethods(PojoTestSet.java:102)
	at org.apache.maven.surefire.junit.PojoTestSet.execute(PojoTestSet.java:83)
	at org.apache.maven.surefire.junit.JUnit3Provider.executeTestSet(JUnit3Provider.java:121)
	at org.apache.maven.surefire.junit.JUnit3Provider.invoke(JUnit3Provider.java:98)
	at sun.reflect.NativeMethodAccessorImpl.invoke0(Native Method)
	at sun.reflect.NativeMethodAccessorImpl.invoke(NativeMethodAccessorImpl.java:57)
	at sun.reflect.DelegatingMethodAccessorImpl.invoke(DelegatingMethodAccessorImpl.java:43)
	at java.lang.reflect.Method.invoke(Method.java:606)
	at org.apache.maven.surefire.util.ReflectionUtils.invokeMethodWithArray(ReflectionUtils.java:189)
	at org.apache.maven.surefire.booter.ProviderFactory$ProviderProxy.invoke(ProviderFactory.java:165)
	at org.apache.maven.surefire.booter.ProviderFactory.invokeProvider(ProviderFactory.java:85)
	at org.apache.maven.surefire.booter.ForkedBooter.runSuitesInProcess(ForkedBooter.java:115)
	at org.apache.maven.surefire.booter.ForkedBooter.main(ForkedBooter.java:75)
</failure>

      </testcase>

  </testsuite>
  <testsuite errors="0" failures="0" name="SectionOperationsTest" package="org.openhealthtools.mdht.uml.cda.operations" skipped="0" tests="1" time="0.002">
      <properties>
[...]
</properties>

      <testcase classname="org.openhealthtools.mdht.uml.cda.operations.SectionOperationsTest" name="org.openhealthtools.mdht.uml.cda.operations.SectionOperationsTest.testConstructor" time="0.002" />

  </testsuite>
  <testsuite errors="0" failures="1" name="StrucDocTextOperationsTest" package="org.openhealthtools.mdht.uml.cda.operations" skipped="0" tests="6" time="0.631">
      <properties>
[...]
</properties>

      <testcase classname="org.openhealthtools.mdht.uml.cda.operations.StrucDocTextOperationsTest" name="org.openhealthtools.mdht.uml.cda.operations.StrucDocTextOperationsTest.testAddText" time="0.631" />

      <testcase classname="org.openhealthtools.mdht.uml.cda.operations.StrucDocTextOperationsTest" name="org.openhealthtools.mdht.uml.cda.operations.StrucDocTextOperationsTest.testAddTextNull" time="0">
          <failure message="text is null" type="java.lang.IllegalArgumentException">java.lang.IllegalArgumentException: text is null
	at org.openhealthtools.mdht.uml.cda.operations.StrucDocTextOperations.addText(StrucDocTextOperations.java:56)
	at org.openhealthtools.mdht.uml.cda.operations.StrucDocTextOperationsTest.testAddTextNull(StrucDocTextOperationsTest.java:52)
</failure>

      </testcase>

      <testcase classname="org.openhealthtools.mdht.uml.cda.operations.StrucDocTextOperationsTest" name="org.openhealthtools.mdht.uml.cda.operations.StrucDocTextOperationsTest.testGetText" time="0" />

      <testcase classname="org.openhealthtools.mdht.uml.cda.operations.StrucDocTextOperationsTest" name="org.openhealthtools.mdht.uml.cda.operations.StrucDocTextOperationsTest.testGetAndSetID" time="0" />

      <testcase classname="org.openhealthtools.mdht.uml.cda.operations.StrucDocTextOperationsTest" name="org.openhealthtools.mdht.uml.cda.operations.StrucDocTextOperationsTest.testGetText_StructDocText" time="0" />

      <testcase classname="org.openhealthtools.mdht.uml.cda.operations.StrucDocTextOperationsTest" name="org.openhealthtools.mdht.uml.cda.operations.StrucDocTextOperationsTest.testGetText_StructDocTextMatchingID" time="0" />

  </testsuite>
  <testsuite errors="0" failures="1" name="SubstanceAdministrationOperationsTest" package="org.openhealthtools.mdht.uml.cda.operations" skipped="0" tests="4" time="0.003">
      <properties>
[...]
</properties>

      <testcase classname="org.openhealthtools.mdht.uml.cda.operations.SubstanceAdministrationOperationsTest" name="org.openhealthtools.mdht.uml.cda.operations.SubstanceAdministrationOperationsTest.testConstructor" time="0" />

      <testcase classname="org.openhealthtools.mdht.uml.cda.operations.SubstanceAdministrationOperationsTest" name="org.openhealthtools.mdht.uml.cda.operations.SubstanceAdministrationOperationsTest.testGetEntryRelationshipTargetsClinicalStatementX_ActRelationshipEntryRelationshipObject" time="0" />

      <testcase classname="org.openhealthtools.mdht.uml.cda.operations.SubstanceAdministrationOperationsTest" name="org.openhealthtools.mdht.uml.cda.operations.SubstanceAdministrationOperationsTest.testGetEntryRelationshipTargetsClinicalStatementObject" time="0" />

      <testcase classname="org.openhealthtools.mdht.uml.cda.operations.SubstanceAdministrationOperationsTest" name="org.openhealthtools.mdht.uml.cda.operations.SubstanceAdministrationOperationsTest.testGetEntryRelationshipTargetsClinicalStatementIllegalArgumentException" time="0.003">
          <failure message="targetClass must be an EClass" type="java.lang.IllegalArgumentException">java.lang.IllegalArgumentException: targetClass must be an EClass
	at org.openhealthtools.mdht.uml.cda.operations.ClinicalStatementOperations.getEntryRelationshipTargets(ClinicalStatementOperations.java:273)
	at org.openhealthtools.mdht.uml.cda.operations.ClinicalStatementOperationsTest.testGetEntryRelationshipTargetsClinicalStatementIllegalArgumentException(ClinicalStatementOperationsTest.java:91)
	at sun.reflect.NativeMethodAccessorImpl.invoke0(Native Method)
	at sun.reflect.NativeMethodAccessorImpl.invoke(NativeMethodAccessorImpl.java:57)
	at sun.reflect.DelegatingMethodAccessorImpl.invoke(DelegatingMethodAccessorImpl.java:43)
	at java.lang.reflect.Method.invoke(Method.java:606)
	at org.apache.maven.surefire.junit.PojoTestSet.executeTestMethod(PojoTestSet.java:151)
	at org.apache.maven.surefire.junit.PojoTestSet.executeTestMethods(PojoTestSet.java:102)
	at org.apache.maven.surefire.junit.PojoTestSet.execute(PojoTestSet.java:83)
	at org.apache.maven.surefire.junit.JUnit3Provider.executeTestSet(JUnit3Provider.java:121)
	at org.apache.maven.surefire.junit.JUnit3Provider.invoke(JUnit3Provider.java:98)
	at sun.reflect.NativeMethodAccessorImpl.invoke0(Native Method)
	at sun.reflect.NativeMethodAccessorImpl.invoke(NativeMethodAccessorImpl.java:57)
	at sun.reflect.DelegatingMethodAccessorImpl.invoke(DelegatingMethodAccessorImpl.java:43)
	at java.lang.reflect.Method.invoke(Method.java:606)
	at org.apache.maven.surefire.util.ReflectionUtils.invokeMethodWithArray(ReflectionUtils.java:189)
	at org.apache.maven.surefire.booter.ProviderFactory$ProviderProxy.invoke(ProviderFactory.java:165)
	at org.apache.maven.surefire.booter.ProviderFactory.invokeProvider(ProviderFactory.java:85)
	at org.apache.maven.surefire.booter.ForkedBooter.runSuitesInProcess(ForkedBooter.java:115)
	at org.apache.maven.surefire.booter.ForkedBooter.main(ForkedBooter.java:75)
</failure>

      </testcase>

  </testsuite>
  <testsuite errors="0" failures="1" name="SupplyOperationsTest" package="org.openhealthtools.mdht.uml.cda.operations" skipped="0" tests="4" time="0.002">
      <properties>
[...]
</properties>

      <testcase classname="org.openhealthtools.mdht.uml.cda.operations.SupplyOperationsTest" name="org.openhealthtools.mdht.uml.cda.operations.SupplyOperationsTest.testConstructor" time="0" />

      <testcase classname="org.openhealthtools.mdht.uml.cda.operations.SupplyOperationsTest" name="org.openhealthtools.mdht.uml.cda.operations.SupplyOperationsTest.testGetEntryRelationshipTargetsClinicalStatementX_ActRelationshipEntryRelationshipObject" time="0" />

      <testcase classname="org.openhealthtools.mdht.uml.cda.operations.SupplyOperationsTest" name="org.openhealthtools.mdht.uml.cda.operations.SupplyOperationsTest.testGetEntryRelationshipTargetsClinicalStatementObject" time="0" />

      <testcase classname="org.openhealthtools.mdht.uml.cda.operations.SupplyOperationsTest" name="org.openhealthtools.mdht.uml.cda.operations.SupplyOperationsTest.testGetEntryRelationshipTargetsClinicalStatementIllegalArgumentException" time="0.002">
          <failure message="targetClass must be an EClass" type="java.lang.IllegalArgumentException">java.lang.IllegalArgumentException: targetClass must be an EClass
	at org.openhealthtools.mdht.uml.cda.operations.ClinicalStatementOperations.getEntryRelationshipTargets(ClinicalStatementOperations.java:273)
	at org.openhealthtools.mdht.uml.cda.operations.ClinicalStatementOperationsTest.testGetEntryRelationshipTargetsClinicalStatementIllegalArgumentException(ClinicalStatementOperationsTest.java:91)
	at sun.reflect.NativeMethodAccessorImpl.invoke0(Native Method)
	at sun.reflect.NativeMethodAccessorImpl.invoke(NativeMethodAccessorImpl.java:57)
	at sun.reflect.DelegatingMethodAccessorImpl.invoke(DelegatingMethodAccessorImpl.java:43)
	at java.lang.reflect.Method.invoke(Method.java:606)
	at org.apache.maven.surefire.junit.PojoTestSet.executeTestMethod(PojoTestSet.java:151)
	at org.apache.maven.surefire.junit.PojoTestSet.executeTestMethods(PojoTestSet.java:102)
	at org.apache.maven.surefire.junit.PojoTestSet.execute(PojoTestSet.java:83)
	at org.apache.maven.surefire.junit.JUnit3Provider.executeTestSet(JUnit3Provider.java:121)
	at org.apache.maven.surefire.junit.JUnit3Provider.invoke(JUnit3Provider.java:98)
	at sun.reflect.NativeMethodAccessorImpl.invoke0(Native Method)
	at sun.reflect.NativeMethodAccessorImpl.invoke(NativeMethodAccessorImpl.java:57)
	at sun.reflect.DelegatingMethodAccessorImpl.invoke(DelegatingMethodAccessorImpl.java:43)
	at java.lang.reflect.Method.invoke(Method.java:606)
	at org.apache.maven.surefire.util.ReflectionUtils.invokeMethodWithArray(ReflectionUtils.java:189)
	at org.apache.maven.surefire.booter.ProviderFactory$ProviderProxy.invoke(ProviderFactory.java:165)
	at org.apache.maven.surefire.booter.ProviderFactory.invokeProvider(ProviderFactory.java:85)
	at org.apache.maven.surefire.booter.ForkedBooter.runSuitesInProcess(ForkedBooter.java:115)
	at org.apache.maven.surefire.booter.ForkedBooter.main(ForkedBooter.java:75)
</failure>

      </testcase>

  </testsuite>
  <testsuite errors="0" failures="0" name="ADTest" package="org.openhealthtools.mdht.uml.cda.tests" skipped="0" tests="0" time="0">
      <properties>
[...]
</properties>

  </testsuite>
  <testsuite errors="0" failures="0" name="BNTest" package="org.openhealthtools.mdht.uml.cda.tests" skipped="0" tests="0" time="0">
      <properties>
[...]
</properties>

  </testsuite>
  <testsuite errors="0" failures="0" name="BigDecimalTest" package="org.openhealthtools.mdht.uml.cda.tests" skipped="0" tests="0" time="0">
      <properties>
[...]
</properties>

  </testsuite>
  <testsuite errors="0" failures="0" name="BigIntegerTest" package="org.openhealthtools.mdht.uml.cda.tests" skipped="0" tests="0" time="0">
      <properties>
[...]
</properties>

  </testsuite>
  <testsuite errors="0" failures="0" name="CDADeserliazationTest" package="org.openhealthtools.mdht.uml.cda.tests" skipped="0" tests="0" time="0">
      <properties>
[...]
</properties>

  </testsuite>
  <testsuite errors="0" failures="0" name="CDASerializationTest" package="org.openhealthtools.mdht.uml.cda.tests" skipped="0" tests="0" time="0">
      <properties>
[...]
</properties>

  </testsuite>
  <testsuite errors="0" failures="0" name="EIVLEventTest" package="org.openhealthtools.mdht.uml.cda.tests" skipped="0" tests="0" time="0">
      <properties>
[...]
</properties>

  </testsuite>
  <testsuite errors="0" failures="0" name="IVLINTTest" package="org.openhealthtools.mdht.uml.cda.tests" skipped="0" tests="0" time="0">
      <properties>
[...]
</properties>

  </testsuite>
  <testsuite errors="0" failures="0" name="IVLPQTest" package="org.openhealthtools.mdht.uml.cda.tests" skipped="0" tests="0" time="0">
      <properties>
[...]
</properties>

  </testsuite>
  <testsuite errors="0" failures="0" name="IVLTSTest" package="org.openhealthtools.mdht.uml.cda.tests" skipped="0" tests="0" time="0">
      <properties>
[...]
</properties>

  </testsuite>
  <testsuite errors="0" failures="0" name="InfrastructureRootTest" package="org.openhealthtools.mdht.uml.cda.tests" skipped="0" tests="0" time="0">
      <properties>
[...]
</properties>

  </testsuite>
  <testsuite errors="0" failures="0" name="SDTCExtensionTest" package="org.openhealthtools.mdht.uml.cda.tests" skipped="0" tests="14" time="1.614">
      <properties>
[...]
</properties>

      <testcase classname="org.openhealthtools.mdht.uml.cda.tests.SDTCExtensionTest" name="org.openhealthtools.mdht.uml.cda.tests.SDTCExtensionTest.testDischargeDispositionCodeSerializationOfSnippet" time="0.04" />

      <testcase classname="org.openhealthtools.mdht.uml.cda.tests.SDTCExtensionTest" name="org.openhealthtools.mdht.uml.cda.tests.SDTCExtensionTest.testDischargeDispositionCodeSerializationOfGeneratedDoc" time="0.01" />

      <testcase classname="org.openhealthtools.mdht.uml.cda.tests.SDTCExtensionTest" name="org.openhealthtools.mdht.uml.cda.tests.SDTCExtensionTest.testDeceasedIndSerializationOfGeneratedDoc" time="0.006" />

      <testcase classname="org.openhealthtools.mdht.uml.cda.tests.SDTCExtensionTest" name="org.openhealthtools.mdht.uml.cda.tests.SDTCExtensionTest.testDeceasedTimeSerializationOfGeneratedDoc" time="0.002" />

      <testcase classname="org.openhealthtools.mdht.uml.cda.tests.SDTCExtensionTest" name="org.openhealthtools.mdht.uml.cda.tests.SDTCExtensionTest.testIdSerializationOfGeneratedDoc" time="0.001" />

      <testcase classname="org.openhealthtools.mdht.uml.cda.tests.SDTCExtensionTest" name="org.openhealthtools.mdht.uml.cda.tests.SDTCExtensionTest.testBirthTimeSerializationOfGeneratedDoc" time="0.005" />

      <testcase classname="org.openhealthtools.mdht.uml.cda.tests.SDTCExtensionTest" name="org.openhealthtools.mdht.uml.cda.tests.SDTCExtensionTest.testRaceCodeSerializationOfGeneratedDoc" time="0.003" />

      <testcase classname="org.openhealthtools.mdht.uml.cda.tests.SDTCExtensionTest" name="org.openhealthtools.mdht.uml.cda.tests.SDTCExtensionTest.testSignatureTextSerializationOfGeneratedDoc" time="0.004" />

      <testcase classname="org.openhealthtools.mdht.uml.cda.tests.SDTCExtensionTest" name="org.openhealthtools.mdht.uml.cda.tests.SDTCExtensionTest.testDischargeDispositionCodeDeserialization" time="0.581" />

      <testcase classname="org.openhealthtools.mdht.uml.cda.tests.SDTCExtensionTest" name="org.openhealthtools.mdht.uml.cda.tests.SDTCExtensionTest.testDeceasedIndDeserialization" time="0.222" />

      <testcase classname="org.openhealthtools.mdht.uml.cda.tests.SDTCExtensionTest" name="org.openhealthtools.mdht.uml.cda.tests.SDTCExtensionTest.testDeceasedTimeDeserialization" time="0.178" />

      <testcase classname="org.openhealthtools.mdht.uml.cda.tests.SDTCExtensionTest" name="org.openhealthtools.mdht.uml.cda.tests.SDTCExtensionTest.testIdDeserialization" time="0.204" />

      <testcase classname="org.openhealthtools.mdht.uml.cda.tests.SDTCExtensionTest" name="org.openhealthtools.mdht.uml.cda.tests.SDTCExtensionTest.testBirthTimeDeserialization" time="0.182" />

      <testcase classname="org.openhealthtools.mdht.uml.cda.tests.SDTCExtensionTest" name="org.openhealthtools.mdht.uml.cda.tests.SDTCExtensionTest.testRaceCodeDeserialization" time="0.176" />

  </testsuite>
</testsuites>
